<?xml version="1.0" encoding="UTF-8"?>
<testng-results skipped="0" failed="0" ignored="0" total="1" passed="1">
  <reporter-output>
  </reporter-output>
  <suite name="Default suite" duration-ms="33980" started-at="2020-04-29T16:31:02 EDT" finished-at="2020-04-29T16:31:36 EDT">
    <groups>
    </groups>
    <test name="Default test" duration-ms="33980" started-at="2020-04-29T16:31:02 EDT" finished-at="2020-04-29T16:31:36 EDT">
      <class name="com.test.Test1">
        <test-method status="PASS" signature="setup()[pri:0, instance:com.test.Test1@158d2680]" name="setup" is-config="true" duration-ms="31651" started-at="2020-04-29T16:31:02 EDT" finished-at="2020-04-29T16:31:34 EDT">
          <reporter-output>
          </reporter-output>
        </test-method> <!-- setup -->
        <test-method status="PASS" signature="verifyMainPageTitle()[pri:0, instance:com.test.Test1@158d2680]" name="verifyMainPageTitle" duration-ms="130" started-at="2020-04-29T16:31:34 EDT" finished-at="2020-04-29T16:31:34 EDT">
          <reporter-output>
          </reporter-output>
        </test-method> <!-- verifyMainPageTitle -->
        <test-method status="PASS" signature="tearDown()[pri:0, instance:com.test.Test1@158d2680]" name="tearDown" is-config="true" duration-ms="2093" started-at="2020-04-29T16:31:34 EDT" finished-at="2020-04-29T16:31:36 EDT">
          <reporter-output>
          </reporter-output>
        </test-method> <!-- tearDown -->
      </class> <!-- com.test.Test1 -->
    </test> <!-- Default test -->
  </suite> <!-- Default suite -->
</testng-results>
